{"numFailedTestSuites":6,"numFailedTests":9,"numPassedTestSuites":1,"numPassedTests":1,"numPendingTestSuites":0,"numPendingTests":0,"numRuntimeErrorTestSuites":0,"numTotalTestSuites":7,"numTotalTests":10,"openHandles":[],"snapshot":{"added":0,"didUpdate":false,"failure":false,"filesAdded":0,"filesRemoved":0,"filesUnmatched":0,"filesUpdated":0,"matched":0,"total":0,"unchecked":0,"uncheckedKeysByFile":[],"unmatched":0,"updated":0},"startTime":1561461363138,"success":false,"testResults":[{"console":null,"failureMessage":"\u001b[1m\u001b[31m  \u001b[1m● \u001b[1mexercise6 › Should be the same store of calling with false admin param\u001b[39m\u001b[22m\n\n    StatusCodeError: 404 - \"<!DOCTYPE html>\\n<html lang=\\\"en\\\">\\n<head>\\n<meta charset=\\\"utf-8\\\">\\n<title>Error</title>\\n</head>\\n<body>\\n<pre>Cannot GET /sale/</pre>\\n</body>\\n</html>\\n\"\n\u001b[2m\u001b[22m\n\u001b[2m      \u001b[2mat new StatusCodeError (\u001b[2m\u001b[0m\u001b[36mnode_modules/request-promise-core/lib/errors.js\u001b[39m\u001b[0m\u001b[2m:32:15)\u001b[2m\u001b[22m\n\u001b[2m      \u001b[2mat Request.plumbing.callback (\u001b[2m\u001b[0m\u001b[36mnode_modules/request-promise-core/lib/plumbing.js\u001b[39m\u001b[0m\u001b[2m:104:33)\u001b[2m\u001b[22m\n\u001b[2m      \u001b[2mat Request.RP$callback [as _callback] (\u001b[2m\u001b[0m\u001b[36mnode_modules/request-promise-core/lib/plumbing.js\u001b[39m\u001b[0m\u001b[2m:46:31)\u001b[2m\u001b[22m\n\u001b[2m      \u001b[2mat Request.self.callback (\u001b[2m\u001b[0m\u001b[36mnode_modules/request/request.js\u001b[39m\u001b[0m\u001b[2m:185:22)\u001b[2m\u001b[22m\n\u001b[2m      \u001b[2mat Request.<anonymous> (\u001b[2m\u001b[0m\u001b[36mnode_modules/request/request.js\u001b[39m\u001b[0m\u001b[2m:1161:10)\u001b[2m\u001b[22m\n\u001b[2m      \u001b[2mat IncomingMessage.<anonymous> (\u001b[2m\u001b[0m\u001b[36mnode_modules/request/request.js\u001b[39m\u001b[0m\u001b[2m:1083:12)\u001b[2m\u001b[22m\n\n\u001b[1m\u001b[31m  \u001b[1m● \u001b[1mexercise6 › Should change the prices in the store when sending admin param to be true\u001b[39m\u001b[22m\n\n    StatusCodeError: 404 - \"<!DOCTYPE html>\\n<html lang=\\\"en\\\">\\n<head>\\n<meta charset=\\\"utf-8\\\">\\n<title>Error</title>\\n</head>\\n<body>\\n<pre>Cannot GET /sale/</pre>\\n</body>\\n</html>\\n\"\n\u001b[2m\u001b[22m\n\u001b[2m      \u001b[2mat new StatusCodeError (\u001b[2m\u001b[0m\u001b[36mnode_modules/request-promise-core/lib/errors.js\u001b[39m\u001b[0m\u001b[2m:32:15)\u001b[2m\u001b[22m\n\u001b[2m      \u001b[2mat Request.plumbing.callback (\u001b[2m\u001b[0m\u001b[36mnode_modules/request-promise-core/lib/plumbing.js\u001b[39m\u001b[0m\u001b[2m:104:33)\u001b[2m\u001b[22m\n\u001b[2m      \u001b[2mat Request.RP$callback [as _callback] (\u001b[2m\u001b[0m\u001b[36mnode_modules/request-promise-core/lib/plumbing.js\u001b[39m\u001b[0m\u001b[2m:46:31)\u001b[2m\u001b[22m\n\u001b[2m      \u001b[2mat Request.self.callback (\u001b[2m\u001b[0m\u001b[36mnode_modules/request/request.js\u001b[39m\u001b[0m\u001b[2m:185:22)\u001b[2m\u001b[22m\n\u001b[2m      \u001b[2mat Request.<anonymous> (\u001b[2m\u001b[0m\u001b[36mnode_modules/request/request.js\u001b[39m\u001b[0m\u001b[2m:1161:10)\u001b[2m\u001b[22m\n\u001b[2m      \u001b[2mat IncomingMessage.<anonymous> (\u001b[2m\u001b[0m\u001b[36mnode_modules/request/request.js\u001b[39m\u001b[0m\u001b[2m:1083:12)\u001b[2m\u001b[22m\n","numFailingTests":2,"numPassingTests":0,"numPendingTests":0,"perfStats":{"end":1561461364708,"start":1561461363851},"snapshot":{"added":0,"fileDeleted":false,"matched":0,"unchecked":0,"unmatched":0,"updated":0,"uncheckedKeys":[]},"testFilePath":"/Users/corinne/Desktop/elevation/express-intro-lesson-exercises/.hg/tests/exercises/ex-6.test.js","testResults":[{"ancestorTitles":["exercise6"],"duration":30,"failureMessages":["StatusCodeError: 404 - \"<!DOCTYPE html>\\n<html lang=\\\"en\\\">\\n<head>\\n<meta charset=\\\"utf-8\\\">\\n<title>Error</title>\\n</head>\\n<body>\\n<pre>Cannot GET /sale/</pre>\\n</body>\\n</html>\\n\"\n    at new StatusCodeError (/Users/corinne/Desktop/elevation/express-intro-lesson-exercises/node_modules/request-promise-core/lib/errors.js:32:15)\n    at Request.plumbing.callback (/Users/corinne/Desktop/elevation/express-intro-lesson-exercises/node_modules/request-promise-core/lib/plumbing.js:104:33)\n    at Request.RP$callback [as _callback] (/Users/corinne/Desktop/elevation/express-intro-lesson-exercises/node_modules/request-promise-core/lib/plumbing.js:46:31)\n    at Request.self.callback (/Users/corinne/Desktop/elevation/express-intro-lesson-exercises/node_modules/request/request.js:185:22)\n    at Request.emit (events.js:196:13)\n    at Request.<anonymous> (/Users/corinne/Desktop/elevation/express-intro-lesson-exercises/node_modules/request/request.js:1161:10)\n    at Request.emit (events.js:196:13)\n    at IncomingMessage.<anonymous> (/Users/corinne/Desktop/elevation/express-intro-lesson-exercises/node_modules/request/request.js:1083:12)\n    at Object.onceWrapper (events.js:284:20)\n    at IncomingMessage.emit (events.js:201:15)\n    at endReadableNT (_stream_readable.js:1130:12)\n    at processTicksAndRejections (internal/process/task_queues.js:84:17)"],"fullName":"exercise6 Should be the same store of calling with false admin param","location":null,"numPassingAsserts":0,"status":"failed","title":"Should be the same store of calling with false admin param"},{"ancestorTitles":["exercise6"],"duration":5,"failureMessages":["StatusCodeError: 404 - \"<!DOCTYPE html>\\n<html lang=\\\"en\\\">\\n<head>\\n<meta charset=\\\"utf-8\\\">\\n<title>Error</title>\\n</head>\\n<body>\\n<pre>Cannot GET /sale/</pre>\\n</body>\\n</html>\\n\"\n    at new StatusCodeError (/Users/corinne/Desktop/elevation/express-intro-lesson-exercises/node_modules/request-promise-core/lib/errors.js:32:15)\n    at Request.plumbing.callback (/Users/corinne/Desktop/elevation/express-intro-lesson-exercises/node_modules/request-promise-core/lib/plumbing.js:104:33)\n    at Request.RP$callback [as _callback] (/Users/corinne/Desktop/elevation/express-intro-lesson-exercises/node_modules/request-promise-core/lib/plumbing.js:46:31)\n    at Request.self.callback (/Users/corinne/Desktop/elevation/express-intro-lesson-exercises/node_modules/request/request.js:185:22)\n    at Request.emit (events.js:196:13)\n    at Request.<anonymous> (/Users/corinne/Desktop/elevation/express-intro-lesson-exercises/node_modules/request/request.js:1161:10)\n    at Request.emit (events.js:196:13)\n    at IncomingMessage.<anonymous> (/Users/corinne/Desktop/elevation/express-intro-lesson-exercises/node_modules/request/request.js:1083:12)\n    at Object.onceWrapper (events.js:284:20)\n    at IncomingMessage.emit (events.js:201:15)\n    at endReadableNT (_stream_readable.js:1130:12)\n    at processTicksAndRejections (internal/process/task_queues.js:84:17)"],"fullName":"exercise6 Should change the prices in the store when sending admin param to be true","location":null,"numPassingAsserts":0,"status":"failed","title":"Should change the prices in the store when sending admin param to be true"}],"sourceMaps":{},"skipped":false,"leaks":false},{"console":null,"failureMessage":"\u001b[1m\u001b[31m  \u001b[1m● \u001b[1mexercise2 › You should add a `/priceCheck` route which has one parameter: name, it should return the price of the item with that name\u001b[39m\u001b[22m\n\n    StatusCodeError: 404 - \"<!DOCTYPE html>\\n<html lang=\\\"en\\\">\\n<head>\\n<meta charset=\\\"utf-8\\\">\\n<title>Error</title>\\n</head>\\n<body>\\n<pre>Cannot GET /priceCheck/couch</pre>\\n</body>\\n</html>\\n\"\n\u001b[2m\u001b[22m\n\u001b[2m      \u001b[2mat new StatusCodeError (\u001b[2m\u001b[0m\u001b[36mnode_modules/request-promise-core/lib/errors.js\u001b[39m\u001b[0m\u001b[2m:32:15)\u001b[2m\u001b[22m\n\u001b[2m      \u001b[2mat Request.plumbing.callback (\u001b[2m\u001b[0m\u001b[36mnode_modules/request-promise-core/lib/plumbing.js\u001b[39m\u001b[0m\u001b[2m:104:33)\u001b[2m\u001b[22m\n\u001b[2m      \u001b[2mat Request.RP$callback [as _callback] (\u001b[2m\u001b[0m\u001b[36mnode_modules/request-promise-core/lib/plumbing.js\u001b[39m\u001b[0m\u001b[2m:46:31)\u001b[2m\u001b[22m\n\u001b[2m      \u001b[2mat Request.self.callback (\u001b[2m\u001b[0m\u001b[36mnode_modules/request/request.js\u001b[39m\u001b[0m\u001b[2m:185:22)\u001b[2m\u001b[22m\n\u001b[2m      \u001b[2mat Request.<anonymous> (\u001b[2m\u001b[0m\u001b[36mnode_modules/request/request.js\u001b[39m\u001b[0m\u001b[2m:1161:10)\u001b[2m\u001b[22m\n\u001b[2m      \u001b[2mat IncomingMessage.<anonymous> (\u001b[2m\u001b[0m\u001b[36mnode_modules/request/request.js\u001b[39m\u001b[0m\u001b[2m:1083:12)\u001b[2m\u001b[22m\n\n\u001b[1m\u001b[31m  \u001b[1m● \u001b[1mexercise2 › You should return { price: null }\u001b[39m\u001b[22m\n\n    StatusCodeError: 404 - \"<!DOCTYPE html>\\n<html lang=\\\"en\\\">\\n<head>\\n<meta charset=\\\"utf-8\\\">\\n<title>Error</title>\\n</head>\\n<body>\\n<pre>Cannot GET /priceCheck/undefined-item</pre>\\n</body>\\n</html>\\n\"\n\u001b[2m\u001b[22m\n\u001b[2m      \u001b[2mat new StatusCodeError (\u001b[2m\u001b[0m\u001b[36mnode_modules/request-promise-core/lib/errors.js\u001b[39m\u001b[0m\u001b[2m:32:15)\u001b[2m\u001b[22m\n\u001b[2m      \u001b[2mat Request.plumbing.callback (\u001b[2m\u001b[0m\u001b[36mnode_modules/request-promise-core/lib/plumbing.js\u001b[39m\u001b[0m\u001b[2m:104:33)\u001b[2m\u001b[22m\n\u001b[2m      \u001b[2mat Request.RP$callback [as _callback] (\u001b[2m\u001b[0m\u001b[36mnode_modules/request-promise-core/lib/plumbing.js\u001b[39m\u001b[0m\u001b[2m:46:31)\u001b[2m\u001b[22m\n\u001b[2m      \u001b[2mat Request.self.callback (\u001b[2m\u001b[0m\u001b[36mnode_modules/request/request.js\u001b[39m\u001b[0m\u001b[2m:185:22)\u001b[2m\u001b[22m\n\u001b[2m      \u001b[2mat Request.<anonymous> (\u001b[2m\u001b[0m\u001b[36mnode_modules/request/request.js\u001b[39m\u001b[0m\u001b[2m:1161:10)\u001b[2m\u001b[22m\n\u001b[2m      \u001b[2mat IncomingMessage.<anonymous> (\u001b[2m\u001b[0m\u001b[36mnode_modules/request/request.js\u001b[39m\u001b[0m\u001b[2m:1083:12)\u001b[2m\u001b[22m\n","numFailingTests":2,"numPassingTests":0,"numPendingTests":0,"perfStats":{"end":1561461364922,"start":1561461364724},"snapshot":{"added":0,"fileDeleted":false,"matched":0,"unchecked":0,"unmatched":0,"updated":0,"uncheckedKeys":[]},"testFilePath":"/Users/corinne/Desktop/elevation/express-intro-lesson-exercises/.hg/tests/exercises/ex-2.test.js","testResults":[{"ancestorTitles":["exercise2"],"duration":11,"failureMessages":["StatusCodeError: 404 - \"<!DOCTYPE html>\\n<html lang=\\\"en\\\">\\n<head>\\n<meta charset=\\\"utf-8\\\">\\n<title>Error</title>\\n</head>\\n<body>\\n<pre>Cannot GET /priceCheck/couch</pre>\\n</body>\\n</html>\\n\"\n    at new StatusCodeError (/Users/corinne/Desktop/elevation/express-intro-lesson-exercises/node_modules/request-promise-core/lib/errors.js:32:15)\n    at Request.plumbing.callback (/Users/corinne/Desktop/elevation/express-intro-lesson-exercises/node_modules/request-promise-core/lib/plumbing.js:104:33)\n    at Request.RP$callback [as _callback] (/Users/corinne/Desktop/elevation/express-intro-lesson-exercises/node_modules/request-promise-core/lib/plumbing.js:46:31)\n    at Request.self.callback (/Users/corinne/Desktop/elevation/express-intro-lesson-exercises/node_modules/request/request.js:185:22)\n    at Request.emit (events.js:196:13)\n    at Request.<anonymous> (/Users/corinne/Desktop/elevation/express-intro-lesson-exercises/node_modules/request/request.js:1161:10)\n    at Request.emit (events.js:196:13)\n    at IncomingMessage.<anonymous> (/Users/corinne/Desktop/elevation/express-intro-lesson-exercises/node_modules/request/request.js:1083:12)\n    at Object.onceWrapper (events.js:284:20)\n    at IncomingMessage.emit (events.js:201:15)\n    at endReadableNT (_stream_readable.js:1130:12)\n    at processTicksAndRejections (internal/process/task_queues.js:84:17)"],"fullName":"exercise2 You should add a `/priceCheck` route which has one parameter: name, it should return the price of the item with that name","location":null,"numPassingAsserts":0,"status":"failed","title":"You should add a `/priceCheck` route which has one parameter: name, it should return the price of the item with that name"},{"ancestorTitles":["exercise2"],"duration":4,"failureMessages":["StatusCodeError: 404 - \"<!DOCTYPE html>\\n<html lang=\\\"en\\\">\\n<head>\\n<meta charset=\\\"utf-8\\\">\\n<title>Error</title>\\n</head>\\n<body>\\n<pre>Cannot GET /priceCheck/undefined-item</pre>\\n</body>\\n</html>\\n\"\n    at new StatusCodeError (/Users/corinne/Desktop/elevation/express-intro-lesson-exercises/node_modules/request-promise-core/lib/errors.js:32:15)\n    at Request.plumbing.callback (/Users/corinne/Desktop/elevation/express-intro-lesson-exercises/node_modules/request-promise-core/lib/plumbing.js:104:33)\n    at Request.RP$callback [as _callback] (/Users/corinne/Desktop/elevation/express-intro-lesson-exercises/node_modules/request-promise-core/lib/plumbing.js:46:31)\n    at Request.self.callback (/Users/corinne/Desktop/elevation/express-intro-lesson-exercises/node_modules/request/request.js:185:22)\n    at Request.emit (events.js:196:13)\n    at Request.<anonymous> (/Users/corinne/Desktop/elevation/express-intro-lesson-exercises/node_modules/request/request.js:1161:10)\n    at Request.emit (events.js:196:13)\n    at IncomingMessage.<anonymous> (/Users/corinne/Desktop/elevation/express-intro-lesson-exercises/node_modules/request/request.js:1083:12)\n    at Object.onceWrapper (events.js:284:20)\n    at IncomingMessage.emit (events.js:201:15)\n    at endReadableNT (_stream_readable.js:1130:12)\n    at processTicksAndRejections (internal/process/task_queues.js:84:17)"],"fullName":"exercise2 You should return { price: null }","location":null,"numPassingAsserts":0,"status":"failed","title":"You should return { price: null }"}],"sourceMaps":{},"skipped":false,"leaks":false},{"console":null,"failureMessage":"\u001b[1m\u001b[31m  \u001b[1m● \u001b[1mspot-check-4 › You should  add a route called `/books` that takes a booksID parameter, and returns the correct book data given the above object\u001b[39m\u001b[22m\n\n    StatusCodeError: 404 - \"<!DOCTYPE html>\\n<html lang=\\\"en\\\">\\n<head>\\n<meta charset=\\\"utf-8\\\">\\n<title>Error</title>\\n</head>\\n<body>\\n<pre>Cannot GET /books/1081</pre>\\n</body>\\n</html>\\n\"\n\u001b[2m\u001b[22m\n\u001b[2m      \u001b[2mat new StatusCodeError (\u001b[2m\u001b[0m\u001b[36mnode_modules/request-promise-core/lib/errors.js\u001b[39m\u001b[0m\u001b[2m:32:15)\u001b[2m\u001b[22m\n\u001b[2m      \u001b[2mat Request.plumbing.callback (\u001b[2m\u001b[0m\u001b[36mnode_modules/request-promise-core/lib/plumbing.js\u001b[39m\u001b[0m\u001b[2m:104:33)\u001b[2m\u001b[22m\n\u001b[2m      \u001b[2mat Request.RP$callback [as _callback] (\u001b[2m\u001b[0m\u001b[36mnode_modules/request-promise-core/lib/plumbing.js\u001b[39m\u001b[0m\u001b[2m:46:31)\u001b[2m\u001b[22m\n\u001b[2m      \u001b[2mat Request.self.callback (\u001b[2m\u001b[0m\u001b[36mnode_modules/request/request.js\u001b[39m\u001b[0m\u001b[2m:185:22)\u001b[2m\u001b[22m\n\u001b[2m      \u001b[2mat Request.<anonymous> (\u001b[2m\u001b[0m\u001b[36mnode_modules/request/request.js\u001b[39m\u001b[0m\u001b[2m:1161:10)\u001b[2m\u001b[22m\n\u001b[2m      \u001b[2mat IncomingMessage.<anonymous> (\u001b[2m\u001b[0m\u001b[36mnode_modules/request/request.js\u001b[39m\u001b[0m\u001b[2m:1083:12)\u001b[2m\u001b[22m\n","numFailingTests":1,"numPassingTests":0,"numPendingTests":0,"perfStats":{"end":1561461365148,"start":1561461364934},"snapshot":{"added":0,"fileDeleted":false,"matched":0,"unchecked":0,"unmatched":0,"updated":0,"uncheckedKeys":[]},"testFilePath":"/Users/corinne/Desktop/elevation/express-intro-lesson-exercises/.hg/tests/spot-check-4/ex-1.test.js","testResults":[{"ancestorTitles":["spot-check-4"],"duration":21,"failureMessages":["StatusCodeError: 404 - \"<!DOCTYPE html>\\n<html lang=\\\"en\\\">\\n<head>\\n<meta charset=\\\"utf-8\\\">\\n<title>Error</title>\\n</head>\\n<body>\\n<pre>Cannot GET /books/1081</pre>\\n</body>\\n</html>\\n\"\n    at new StatusCodeError (/Users/corinne/Desktop/elevation/express-intro-lesson-exercises/node_modules/request-promise-core/lib/errors.js:32:15)\n    at Request.plumbing.callback (/Users/corinne/Desktop/elevation/express-intro-lesson-exercises/node_modules/request-promise-core/lib/plumbing.js:104:33)\n    at Request.RP$callback [as _callback] (/Users/corinne/Desktop/elevation/express-intro-lesson-exercises/node_modules/request-promise-core/lib/plumbing.js:46:31)\n    at Request.self.callback (/Users/corinne/Desktop/elevation/express-intro-lesson-exercises/node_modules/request/request.js:185:22)\n    at Request.emit (events.js:196:13)\n    at Request.<anonymous> (/Users/corinne/Desktop/elevation/express-intro-lesson-exercises/node_modules/request/request.js:1161:10)\n    at Request.emit (events.js:196:13)\n    at IncomingMessage.<anonymous> (/Users/corinne/Desktop/elevation/express-intro-lesson-exercises/node_modules/request/request.js:1083:12)\n    at Object.onceWrapper (events.js:284:20)\n    at IncomingMessage.emit (events.js:201:15)\n    at endReadableNT (_stream_readable.js:1130:12)\n    at processTicksAndRejections (internal/process/task_queues.js:84:17)"],"fullName":"spot-check-4 You should  add a route called `/books` that takes a booksID parameter, and returns the correct book data given the above object","location":null,"numPassingAsserts":0,"status":"failed","title":"You should  add a route called `/books` that takes a booksID parameter, and returns the correct book data given the above object"}],"sourceMaps":{},"skipped":false,"leaks":false},{"console":null,"failureMessage":"\u001b[1m\u001b[31m  \u001b[1m● \u001b[1mexercise4 › Should return 15\u001b[39m\u001b[22m\n\n    StatusCodeError: 404 - \"<!DOCTYPE html>\\n<html lang=\\\"en\\\">\\n<head>\\n<meta charset=\\\"utf-8\\\">\\n<title>Error</title>\\n</head>\\n<body>\\n<pre>Cannot GET /buy/chair</pre>\\n</body>\\n</html>\\n\"\n\u001b[2m\u001b[22m\n\u001b[2m      \u001b[2mat new StatusCodeError (\u001b[2m\u001b[0m\u001b[36mnode_modules/request-promise-core/lib/errors.js\u001b[39m\u001b[0m\u001b[2m:32:15)\u001b[2m\u001b[22m\n\u001b[2m      \u001b[2mat Request.plumbing.callback (\u001b[2m\u001b[0m\u001b[36mnode_modules/request-promise-core/lib/plumbing.js\u001b[39m\u001b[0m\u001b[2m:104:33)\u001b[2m\u001b[22m\n\u001b[2m      \u001b[2mat Request.RP$callback [as _callback] (\u001b[2m\u001b[0m\u001b[36mnode_modules/request-promise-core/lib/plumbing.js\u001b[39m\u001b[0m\u001b[2m:46:31)\u001b[2m\u001b[22m\n\u001b[2m      \u001b[2mat Request.self.callback (\u001b[2m\u001b[0m\u001b[36mnode_modules/request/request.js\u001b[39m\u001b[0m\u001b[2m:185:22)\u001b[2m\u001b[22m\n\u001b[2m      \u001b[2mat Request.<anonymous> (\u001b[2m\u001b[0m\u001b[36mnode_modules/request/request.js\u001b[39m\u001b[0m\u001b[2m:1161:10)\u001b[2m\u001b[22m\n\u001b[2m      \u001b[2mat IncomingMessage.<anonymous> (\u001b[2m\u001b[0m\u001b[36mnode_modules/request/request.js\u001b[39m\u001b[0m\u001b[2m:1083:12)\u001b[2m\u001b[22m\n\n\u001b[1m\u001b[31m  \u001b[1m● \u001b[1mexercise4 › Should return 0\u001b[39m\u001b[22m\n\n    StatusCodeError: 404 - \"<!DOCTYPE html>\\n<html lang=\\\"en\\\">\\n<head>\\n<meta charset=\\\"utf-8\\\">\\n<title>Error</title>\\n</head>\\n<body>\\n<pre>Cannot GET /buy/couch</pre>\\n</body>\\n</html>\\n\"\n\u001b[2m\u001b[22m\n\u001b[2m      \u001b[2mat new StatusCodeError (\u001b[2m\u001b[0m\u001b[36mnode_modules/request-promise-core/lib/errors.js\u001b[39m\u001b[0m\u001b[2m:32:15)\u001b[2m\u001b[22m\n\u001b[2m      \u001b[2mat Request.plumbing.callback (\u001b[2m\u001b[0m\u001b[36mnode_modules/request-promise-core/lib/plumbing.js\u001b[39m\u001b[0m\u001b[2m:104:33)\u001b[2m\u001b[22m\n\u001b[2m      \u001b[2mat Request.RP$callback [as _callback] (\u001b[2m\u001b[0m\u001b[36mnode_modules/request-promise-core/lib/plumbing.js\u001b[39m\u001b[0m\u001b[2m:46:31)\u001b[2m\u001b[22m\n\u001b[2m      \u001b[2mat Request.self.callback (\u001b[2m\u001b[0m\u001b[36mnode_modules/request/request.js\u001b[39m\u001b[0m\u001b[2m:185:22)\u001b[2m\u001b[22m\n\u001b[2m      \u001b[2mat Request.<anonymous> (\u001b[2m\u001b[0m\u001b[36mnode_modules/request/request.js\u001b[39m\u001b[0m\u001b[2m:1161:10)\u001b[2m\u001b[22m\n\u001b[2m      \u001b[2mat IncomingMessage.<anonymous> (\u001b[2m\u001b[0m\u001b[36mnode_modules/request/request.js\u001b[39m\u001b[0m\u001b[2m:1083:12)\u001b[2m\u001b[22m\n","numFailingTests":2,"numPassingTests":0,"numPendingTests":0,"perfStats":{"end":1561461365453,"start":1561461365192},"snapshot":{"added":0,"fileDeleted":false,"matched":0,"unchecked":0,"unmatched":0,"updated":0,"uncheckedKeys":[]},"testFilePath":"/Users/corinne/Desktop/elevation/express-intro-lesson-exercises/.hg/tests/exercises/ex-4.test.js","testResults":[{"ancestorTitles":["exercise4"],"duration":32,"failureMessages":["StatusCodeError: 404 - \"<!DOCTYPE html>\\n<html lang=\\\"en\\\">\\n<head>\\n<meta charset=\\\"utf-8\\\">\\n<title>Error</title>\\n</head>\\n<body>\\n<pre>Cannot GET /buy/chair</pre>\\n</body>\\n</html>\\n\"\n    at new StatusCodeError (/Users/corinne/Desktop/elevation/express-intro-lesson-exercises/node_modules/request-promise-core/lib/errors.js:32:15)\n    at Request.plumbing.callback (/Users/corinne/Desktop/elevation/express-intro-lesson-exercises/node_modules/request-promise-core/lib/plumbing.js:104:33)\n    at Request.RP$callback [as _callback] (/Users/corinne/Desktop/elevation/express-intro-lesson-exercises/node_modules/request-promise-core/lib/plumbing.js:46:31)\n    at Request.self.callback (/Users/corinne/Desktop/elevation/express-intro-lesson-exercises/node_modules/request/request.js:185:22)\n    at Request.emit (events.js:196:13)\n    at Request.<anonymous> (/Users/corinne/Desktop/elevation/express-intro-lesson-exercises/node_modules/request/request.js:1161:10)\n    at Request.emit (events.js:196:13)\n    at IncomingMessage.<anonymous> (/Users/corinne/Desktop/elevation/express-intro-lesson-exercises/node_modules/request/request.js:1083:12)\n    at Object.onceWrapper (events.js:284:20)\n    at IncomingMessage.emit (events.js:201:15)\n    at endReadableNT (_stream_readable.js:1130:12)\n    at processTicksAndRejections (internal/process/task_queues.js:84:17)"],"fullName":"exercise4 Should return 15","location":null,"numPassingAsserts":0,"status":"failed","title":"Should return 15"},{"ancestorTitles":["exercise4"],"duration":38,"failureMessages":["StatusCodeError: 404 - \"<!DOCTYPE html>\\n<html lang=\\\"en\\\">\\n<head>\\n<meta charset=\\\"utf-8\\\">\\n<title>Error</title>\\n</head>\\n<body>\\n<pre>Cannot GET /buy/couch</pre>\\n</body>\\n</html>\\n\"\n    at new StatusCodeError (/Users/corinne/Desktop/elevation/express-intro-lesson-exercises/node_modules/request-promise-core/lib/errors.js:32:15)\n    at Request.plumbing.callback (/Users/corinne/Desktop/elevation/express-intro-lesson-exercises/node_modules/request-promise-core/lib/plumbing.js:104:33)\n    at Request.RP$callback [as _callback] (/Users/corinne/Desktop/elevation/express-intro-lesson-exercises/node_modules/request-promise-core/lib/plumbing.js:46:31)\n    at Request.self.callback (/Users/corinne/Desktop/elevation/express-intro-lesson-exercises/node_modules/request/request.js:185:22)\n    at Request.emit (events.js:196:13)\n    at Request.<anonymous> (/Users/corinne/Desktop/elevation/express-intro-lesson-exercises/node_modules/request/request.js:1161:10)\n    at Request.emit (events.js:196:13)\n    at IncomingMessage.<anonymous> (/Users/corinne/Desktop/elevation/express-intro-lesson-exercises/node_modules/request/request.js:1083:12)\n    at Object.onceWrapper (events.js:284:20)\n    at IncomingMessage.emit (events.js:201:15)\n    at endReadableNT (_stream_readable.js:1130:12)\n    at processTicksAndRejections (internal/process/task_queues.js:84:17)"],"fullName":"exercise4 Should return 0","location":null,"numPassingAsserts":0,"status":"failed","title":"Should return 0"}],"sourceMaps":{},"skipped":false,"leaks":false},{"console":null,"failureMessage":"\u001b[1m\u001b[31m  \u001b[1m● \u001b[1mspot-check-2 › You should make a route called /users that accepts a `userID` and returns the correct string for that user\u001b[39m\u001b[22m\n\n    StatusCodeError: 404 - \"<!DOCTYPE html>\\n<html lang=\\\"en\\\">\\n<head>\\n<meta charset=\\\"utf-8\\\">\\n<title>Error</title>\\n</head>\\n<body>\\n<pre>Cannot GET /users/tilda</pre>\\n</body>\\n</html>\\n\"\n\u001b[2m\u001b[22m\n\u001b[2m      \u001b[2mat new StatusCodeError (\u001b[2m\u001b[0m\u001b[36mnode_modules/request-promise-core/lib/errors.js\u001b[39m\u001b[0m\u001b[2m:32:15)\u001b[2m\u001b[22m\n\u001b[2m      \u001b[2mat Request.plumbing.callback (\u001b[2m\u001b[0m\u001b[36mnode_modules/request-promise-core/lib/plumbing.js\u001b[39m\u001b[0m\u001b[2m:104:33)\u001b[2m\u001b[22m\n\u001b[2m      \u001b[2mat Request.RP$callback [as _callback] (\u001b[2m\u001b[0m\u001b[36mnode_modules/request-promise-core/lib/plumbing.js\u001b[39m\u001b[0m\u001b[2m:46:31)\u001b[2m\u001b[22m\n\u001b[2m      \u001b[2mat Request.self.callback (\u001b[2m\u001b[0m\u001b[36mnode_modules/request/request.js\u001b[39m\u001b[0m\u001b[2m:185:22)\u001b[2m\u001b[22m\n\u001b[2m      \u001b[2mat Request.<anonymous> (\u001b[2m\u001b[0m\u001b[36mnode_modules/request/request.js\u001b[39m\u001b[0m\u001b[2m:1161:10)\u001b[2m\u001b[22m\n\u001b[2m      \u001b[2mat IncomingMessage.<anonymous> (\u001b[2m\u001b[0m\u001b[36mnode_modules/request/request.js\u001b[39m\u001b[0m\u001b[2m:1083:12)\u001b[2m\u001b[22m\n","numFailingTests":1,"numPassingTests":0,"numPendingTests":0,"perfStats":{"end":1561461365668,"start":1561461365477},"snapshot":{"added":0,"fileDeleted":false,"matched":0,"unchecked":0,"unmatched":0,"updated":0,"uncheckedKeys":[]},"testFilePath":"/Users/corinne/Desktop/elevation/express-intro-lesson-exercises/.hg/tests/spot-check-2/ex-1.test.js","testResults":[{"ancestorTitles":["spot-check-2"],"duration":11,"failureMessages":["StatusCodeError: 404 - \"<!DOCTYPE html>\\n<html lang=\\\"en\\\">\\n<head>\\n<meta charset=\\\"utf-8\\\">\\n<title>Error</title>\\n</head>\\n<body>\\n<pre>Cannot GET /users/tilda</pre>\\n</body>\\n</html>\\n\"\n    at new StatusCodeError (/Users/corinne/Desktop/elevation/express-intro-lesson-exercises/node_modules/request-promise-core/lib/errors.js:32:15)\n    at Request.plumbing.callback (/Users/corinne/Desktop/elevation/express-intro-lesson-exercises/node_modules/request-promise-core/lib/plumbing.js:104:33)\n    at Request.RP$callback [as _callback] (/Users/corinne/Desktop/elevation/express-intro-lesson-exercises/node_modules/request-promise-core/lib/plumbing.js:46:31)\n    at Request.self.callback (/Users/corinne/Desktop/elevation/express-intro-lesson-exercises/node_modules/request/request.js:185:22)\n    at Request.emit (events.js:196:13)\n    at Request.<anonymous> (/Users/corinne/Desktop/elevation/express-intro-lesson-exercises/node_modules/request/request.js:1161:10)\n    at Request.emit (events.js:196:13)\n    at IncomingMessage.<anonymous> (/Users/corinne/Desktop/elevation/express-intro-lesson-exercises/node_modules/request/request.js:1083:12)\n    at Object.onceWrapper (events.js:284:20)\n    at IncomingMessage.emit (events.js:201:15)\n    at endReadableNT (_stream_readable.js:1130:12)\n    at processTicksAndRejections (internal/process/task_queues.js:84:17)"],"fullName":"spot-check-2 You should make a route called /users that accepts a `userID` and returns the correct string for that user","location":null,"numPassingAsserts":0,"status":"failed","title":"You should make a route called /users that accepts a `userID` and returns the correct string for that user"}],"sourceMaps":{},"skipped":false,"leaks":false},{"console":null,"failureMessage":"\u001b[1m\u001b[31m  \u001b[1m● \u001b[1mspot-check-3 › You should make a route called `/details` that extracts the optional parameters zipcode, city, and middleNam\u001b[39m\u001b[22m\n\n    StatusCodeError: 404 - \"<!DOCTYPE html>\\n<html lang=\\\"en\\\">\\n<head>\\n<meta charset=\\\"utf-8\\\">\\n<title>Error</title>\\n</head>\\n<body>\\n<pre>Cannot GET /details/</pre>\\n</body>\\n</html>\\n\"\n\u001b[2m\u001b[22m\n\u001b[2m      \u001b[2mat new StatusCodeError (\u001b[2m\u001b[0m\u001b[36mnode_modules/request-promise-core/lib/errors.js\u001b[39m\u001b[0m\u001b[2m:32:15)\u001b[2m\u001b[22m\n\u001b[2m      \u001b[2mat Request.plumbing.callback (\u001b[2m\u001b[0m\u001b[36mnode_modules/request-promise-core/lib/plumbing.js\u001b[39m\u001b[0m\u001b[2m:104:33)\u001b[2m\u001b[22m\n\u001b[2m      \u001b[2mat Request.RP$callback [as _callback] (\u001b[2m\u001b[0m\u001b[36mnode_modules/request-promise-core/lib/plumbing.js\u001b[39m\u001b[0m\u001b[2m:46:31)\u001b[2m\u001b[22m\n\u001b[2m      \u001b[2mat Request.self.callback (\u001b[2m\u001b[0m\u001b[36mnode_modules/request/request.js\u001b[39m\u001b[0m\u001b[2m:185:22)\u001b[2m\u001b[22m\n\u001b[2m      \u001b[2mat Request.<anonymous> (\u001b[2m\u001b[0m\u001b[36mnode_modules/request/request.js\u001b[39m\u001b[0m\u001b[2m:1161:10)\u001b[2m\u001b[22m\n\u001b[2m      \u001b[2mat IncomingMessage.<anonymous> (\u001b[2m\u001b[0m\u001b[36mnode_modules/request/request.js\u001b[39m\u001b[0m\u001b[2m:1083:12)\u001b[2m\u001b[22m\n","numFailingTests":1,"numPassingTests":0,"numPendingTests":0,"perfStats":{"end":1561461365893,"start":1561461365694},"snapshot":{"added":0,"fileDeleted":false,"matched":0,"unchecked":0,"unmatched":0,"updated":0,"uncheckedKeys":[]},"testFilePath":"/Users/corinne/Desktop/elevation/express-intro-lesson-exercises/.hg/tests/spot-check-3/ex-1.test.js","testResults":[{"ancestorTitles":["spot-check-3"],"duration":11,"failureMessages":["StatusCodeError: 404 - \"<!DOCTYPE html>\\n<html lang=\\\"en\\\">\\n<head>\\n<meta charset=\\\"utf-8\\\">\\n<title>Error</title>\\n</head>\\n<body>\\n<pre>Cannot GET /details/</pre>\\n</body>\\n</html>\\n\"\n    at new StatusCodeError (/Users/corinne/Desktop/elevation/express-intro-lesson-exercises/node_modules/request-promise-core/lib/errors.js:32:15)\n    at Request.plumbing.callback (/Users/corinne/Desktop/elevation/express-intro-lesson-exercises/node_modules/request-promise-core/lib/plumbing.js:104:33)\n    at Request.RP$callback [as _callback] (/Users/corinne/Desktop/elevation/express-intro-lesson-exercises/node_modules/request-promise-core/lib/plumbing.js:46:31)\n    at Request.self.callback (/Users/corinne/Desktop/elevation/express-intro-lesson-exercises/node_modules/request/request.js:185:22)\n    at Request.emit (events.js:196:13)\n    at Request.<anonymous> (/Users/corinne/Desktop/elevation/express-intro-lesson-exercises/node_modules/request/request.js:1161:10)\n    at Request.emit (events.js:196:13)\n    at IncomingMessage.<anonymous> (/Users/corinne/Desktop/elevation/express-intro-lesson-exercises/node_modules/request/request.js:1083:12)\n    at Object.onceWrapper (events.js:284:20)\n    at IncomingMessage.emit (events.js:201:15)\n    at endReadableNT (_stream_readable.js:1130:12)\n    at processTicksAndRejections (internal/process/task_queues.js:84:17)"],"fullName":"spot-check-3 You should make a route called `/details` that extracts the optional parameters zipcode, city, and middleNam","location":null,"numPassingAsserts":0,"status":"failed","title":"You should make a route called `/details` that extracts the optional parameters zipcode, city, and middleNam"}],"sourceMaps":{},"skipped":false,"leaks":false},{"console":null,"failureMessage":null,"numFailingTests":0,"numPassingTests":1,"numPendingTests":0,"perfStats":{"end":1561461366098,"start":1561461365903},"snapshot":{"added":0,"fileDeleted":false,"matched":0,"unchecked":0,"unmatched":0,"updated":0,"uncheckedKeys":[]},"testFilePath":"/Users/corinne/Desktop/elevation/express-intro-lesson-exercises/.hg/tests/spot-check-1/ex-1.test.js","testResults":[{"ancestorTitles":["spot-check-1"],"duration":15,"failureMessages":[],"fullName":"spot-check-1 You should make a route called /life that simply returns the number 42 (as a string)","location":null,"numPassingAsserts":0,"status":"passed","title":"You should make a route called /life that simply returns the number 42 (as a string)"}],"sourceMaps":{},"skipped":false,"leaks":false}],"wasInterrupted":false}